{"D:\\Nodeprojects\\jest\\function.js": {"path":"D:\\Nodeprojects\\jest\\function.js","statementMap":{"0":{"start":{"line":1,"column":14},"end":{"line":1,"column":30}},"1":{"start":{"line":3,"column":18},"end":{"line":26,"column":1}},"2":{"start":{"line":5,"column":31},"end":{"line":5,"column":48}},"3":{"start":{"line":7,"column":18},"end":{"line":7,"column":22}},"4":{"start":{"line":9,"column":21},"end":{"line":9,"column":22}},"5":{"start":{"line":13,"column":21},"end":{"line":13,"column":43}},"6":{"start":{"line":14,"column":8},"end":{"line":14,"column":34}},"7":{"start":{"line":16,"column":8},"end":{"line":16,"column":19}},"8":{"start":{"line":21,"column":8},"end":{"line":24,"column":32}},"9":{"start":{"line":23,"column":16},"end":{"line":23,"column":31}},"10":{"start":{"line":24,"column":28},"end":{"line":24,"column":31}},"11":{"start":{"line":28,"column":0},"end":{"line":28,"column":26}}},"fnMap":{"0":{"name":"(anonymous_0)","decl":{"start":{"line":5,"column":9},"end":{"line":5,"column":10}},"loc":{"start":{"line":5,"column":31},"end":{"line":5,"column":48}},"line":5},"1":{"name":"(anonymous_1)","decl":{"start":{"line":7,"column":12},"end":{"line":7,"column":13}},"loc":{"start":{"line":7,"column":18},"end":{"line":7,"column":22}},"line":7},"2":{"name":"(anonymous_2)","decl":{"start":{"line":9,"column":16},"end":{"line":9,"column":17}},"loc":{"start":{"line":9,"column":21},"end":{"line":9,"column":22}},"line":9},"3":{"name":"(anonymous_3)","decl":{"start":{"line":11,"column":16},"end":{"line":11,"column":17}},"loc":{"start":{"line":11,"column":22},"end":{"line":17,"column":5}},"line":11},"4":{"name":"(anonymous_4)","decl":{"start":{"line":19,"column":15},"end":{"line":19,"column":16}},"loc":{"start":{"line":19,"column":21},"end":{"line":25,"column":5}},"line":19},"5":{"name":"(anonymous_5)","decl":{"start":{"line":22,"column":18},"end":{"line":22,"column":19}},"loc":{"start":{"line":22,"column":25},"end":{"line":24,"column":13}},"line":22},"6":{"name":"(anonymous_6)","decl":{"start":{"line":24,"column":21},"end":{"line":24,"column":22}},"loc":{"start":{"line":24,"column":28},"end":{"line":24,"column":31}},"line":24}},"branchMap":{},"s":{"0":2,"1":2,"2":1,"3":1,"4":1,"5":0,"6":0,"7":0,"8":1,"9":1,"10":0,"11":2},"f":{"0":1,"1":1,"2":1,"3":0,"4":1,"5":1,"6":0},"b":{},"_coverageSchema":"1a1c01bbd47fc00a2c39e90264f33305004495a9","hash":"edb9047c837da56a21da3c47319faf290b23f44d"}
,"D:\\Nodeprojects\\jest\\index.js": {"path":"D:\\Nodeprojects\\jest\\index.js","statementMap":{"0":{"start":{"line":1,"column":16},"end":{"line":1,"column":34}},"1":{"start":{"line":2,"column":15},"end":{"line":2,"column":32}},"2":{"start":{"line":3,"column":13},"end":{"line":3,"column":28}},"3":{"start":{"line":4,"column":12},"end":{"line":4,"column":21}},"4":{"start":{"line":5,"column":19},"end":{"line":5,"column":43}},"5":{"start":{"line":6,"column":17},"end":{"line":6,"column":36}},"6":{"start":{"line":7,"column":0},"end":{"line":7,"column":25}},"7":{"start":{"line":8,"column":0},"end":{"line":8,"column":31}},"8":{"start":{"line":10,"column":0},"end":{"line":10,"column":15}},"9":{"start":{"line":11,"column":0},"end":{"line":11,"column":48}},"10":{"start":{"line":12,"column":0},"end":{"line":12,"column":24}},"11":{"start":{"line":15,"column":51},"end":{"line":15,"column":62}},"12":{"start":{"line":18,"column":0},"end":{"line":23,"column":1}},"13":{"start":{"line":19,"column":4},"end":{"line":22,"column":7}},"14":{"start":{"line":26,"column":0},"end":{"line":28,"column":3}},"15":{"start":{"line":27,"column":4},"end":{"line":27,"column":30}},"16":{"start":{"line":30,"column":0},"end":{"line":30,"column":28}},"17":{"start":{"line":33,"column":0},"end":{"line":33,"column":20}}},"fnMap":{"0":{"name":"(anonymous_0)","decl":{"start":{"line":26,"column":13},"end":{"line":26,"column":14}},"loc":{"start":{"line":26,"column":27},"end":{"line":28,"column":1}},"line":26}},"branchMap":{"0":{"loc":{"start":{"line":18,"column":0},"end":{"line":23,"column":1}},"type":"if","locations":[{"start":{"line":18,"column":0},"end":{"line":23,"column":1}},{"start":{"line":18,"column":0},"end":{"line":23,"column":1}}],"line":18}},"s":{"0":1,"1":1,"2":1,"3":1,"4":1,"5":1,"6":1,"7":1,"8":1,"9":1,"10":1,"11":1,"12":1,"13":0,"14":1,"15":1,"16":1,"17":1},"f":{"0":1},"b":{"0":[0,1]},"_coverageSchema":"1a1c01bbd47fc00a2c39e90264f33305004495a9","hash":"f93cd39ad5041f84311d225ea1e28de204205971"}
,"D:\\Nodeprojects\\jest\\__test__\\db.js": {"path":"D:\\Nodeprojects\\jest\\__test__\\db.js","statementMap":{"0":{"start":{"line":1,"column":17},"end":{"line":1,"column":36}},"1":{"start":{"line":2,"column":30},"end":{"line":2,"column":62}},"2":{"start":{"line":6,"column":13},"end":{"line":9,"column":1}},"3":{"start":{"line":11,"column":16},"end":{"line":23,"column":1}},"4":{"start":{"line":13,"column":4},"end":{"line":13,"column":32}},"5":{"start":{"line":15,"column":4},"end":{"line":15,"column":51}},"6":{"start":{"line":17,"column":21},"end":{"line":17,"column":47}},"7":{"start":{"line":18,"column":4},"end":{"line":22,"column":7}},"8":{"start":{"line":19,"column":8},"end":{"line":21,"column":9}},"9":{"start":{"line":20,"column":12},"end":{"line":20,"column":31}},"10":{"start":{"line":26,"column":14},"end":{"line":29,"column":1}},"11":{"start":{"line":27,"column":4},"end":{"line":27,"column":32}},"12":{"start":{"line":28,"column":4},"end":{"line":28,"column":29}},"13":{"start":{"line":32,"column":14},"end":{"line":38,"column":1}},"14":{"start":{"line":33,"column":24},"end":{"line":33,"column":55}},"15":{"start":{"line":35,"column":4},"end":{"line":37,"column":5}},"16":{"start":{"line":36,"column":8},"end":{"line":36,"column":44}},"17":{"start":{"line":40,"column":0},"end":{"line":44,"column":2}}},"fnMap":{"0":{"name":"(anonymous_0)","decl":{"start":{"line":11,"column":16},"end":{"line":11,"column":17}},"loc":{"start":{"line":11,"column":28},"end":{"line":23,"column":1}},"line":11},"1":{"name":"(anonymous_1)","decl":{"start":{"line":18,"column":43},"end":{"line":18,"column":44}},"loc":{"start":{"line":18,"column":50},"end":{"line":22,"column":5}},"line":18},"2":{"name":"(anonymous_2)","decl":{"start":{"line":26,"column":14},"end":{"line":26,"column":15}},"loc":{"start":{"line":26,"column":26},"end":{"line":29,"column":1}},"line":26},"3":{"name":"(anonymous_3)","decl":{"start":{"line":32,"column":14},"end":{"line":32,"column":15}},"loc":{"start":{"line":32,"column":26},"end":{"line":38,"column":1}},"line":32}},"branchMap":{"0":{"loc":{"start":{"line":19,"column":8},"end":{"line":21,"column":9}},"type":"if","locations":[{"start":{"line":19,"column":8},"end":{"line":21,"column":9}},{"start":{"line":19,"column":8},"end":{"line":21,"column":9}}],"line":19}},"s":{"0":1,"1":1,"2":1,"3":1,"4":1,"5":1,"6":1,"7":1,"8":1,"9":0,"10":1,"11":1,"12":1,"13":1,"14":1,"15":1,"16":1,"17":1},"f":{"0":1,"1":1,"2":1,"3":1},"b":{"0":[0,1]},"_coverageSchema":"1a1c01bbd47fc00a2c39e90264f33305004495a9","hash":"5a2b74a4dfc197ee104bc06a211b24d8f0c55838"}
,"D:\\Nodeprojects\\jest\\controllers\\posts.js": {"path":"D:\\Nodeprojects\\jest\\controllers\\posts.js","statementMap":{"0":{"start":{"line":1,"column":19},"end":{"line":1,"column":44}},"1":{"start":{"line":8,"column":8},"end":{"line":15,"column":9}},"2":{"start":{"line":9,"column":28},"end":{"line":9,"column":52}},"3":{"start":{"line":10,"column":12},"end":{"line":10,"column":32}},"4":{"start":{"line":11,"column":12},"end":{"line":11,"column":108}},"5":{"start":{"line":13,"column":12},"end":{"line":13,"column":31}},"6":{"start":{"line":14,"column":12},"end":{"line":14,"column":54}},"7":{"start":{"line":19,"column":8},"end":{"line":29,"column":9}},"8":{"start":{"line":21,"column":26},"end":{"line":21,"column":54}},"9":{"start":{"line":22,"column":12},"end":{"line":25,"column":96}},"10":{"start":{"line":23,"column":16},"end":{"line":23,"column":100}},"11":{"start":{"line":25,"column":16},"end":{"line":25,"column":96}},"12":{"start":{"line":35,"column":0},"end":{"line":35,"column":22}}},"fnMap":{"0":{"name":"(anonymous_0)","decl":{"start":{"line":6,"column":4},"end":{"line":6,"column":5}},"loc":{"start":{"line":6,"column":31},"end":{"line":16,"column":5}},"line":6},"1":{"name":"(anonymous_1)","decl":{"start":{"line":18,"column":4},"end":{"line":18,"column":5}},"loc":{"start":{"line":18,"column":29},"end":{"line":30,"column":5}},"line":18}},"branchMap":{"0":{"loc":{"start":{"line":22,"column":12},"end":{"line":25,"column":96}},"type":"if","locations":[{"start":{"line":22,"column":12},"end":{"line":25,"column":96}},{"start":{"line":22,"column":12},"end":{"line":25,"column":96}}],"line":22}},"s":{"0":1,"1":1,"2":1,"3":1,"4":1,"5":0,"6":0,"7":1,"8":1,"9":1,"10":1,"11":0,"12":1},"f":{"0":1,"1":1},"b":{"0":[1,0]},"_coverageSchema":"1a1c01bbd47fc00a2c39e90264f33305004495a9","hash":"34f3b6faf80efa8c972832ab561bc32188874e31"}
,"D:\\Nodeprojects\\jest\\router\\post.js": {"path":"D:\\Nodeprojects\\jest\\router\\post.js","statementMap":{"0":{"start":{"line":1,"column":16},"end":{"line":1,"column":34}},"1":{"start":{"line":2,"column":14},"end":{"line":2,"column":45}},"2":{"start":{"line":4,"column":13},"end":{"line":4,"column":24}},"3":{"start":{"line":5,"column":19},"end":{"line":5,"column":35}},"4":{"start":{"line":7,"column":0},"end":{"line":7,"column":37}},"5":{"start":{"line":8,"column":0},"end":{"line":8,"column":34}},"6":{"start":{"line":11,"column":0},"end":{"line":11,"column":27}}},"fnMap":{},"branchMap":{},"s":{"0":1,"1":1,"2":1,"3":1,"4":1,"5":1,"6":1},"f":{},"b":{},"_coverageSchema":"1a1c01bbd47fc00a2c39e90264f33305004495a9","hash":"fdca78825cb2a19628421426e7b6979282f00c51"}
,"D:\\Nodeprojects\\jest\\schema\\post.js": {"path":"D:\\Nodeprojects\\jest\\schema\\post.js","statementMap":{"0":{"start":{"line":1,"column":17},"end":{"line":1,"column":36}},"1":{"start":{"line":3,"column":15},"end":{"line":3,"column":30}},"2":{"start":{"line":6,"column":19},"end":{"line":13,"column":2}},"3":{"start":{"line":15,"column":0},"end":{"line":15,"column":51}}},"fnMap":{},"branchMap":{},"s":{"0":1,"1":1,"2":1,"3":1},"f":{},"b":{},"_coverageSchema":"1a1c01bbd47fc00a2c39e90264f33305004495a9","hash":"024ee56223871806ed76927afdbe3bb447604374"}
}
