TN:
SF:function.js
FN:5,(anonymous_0)
FN:7,(anonymous_1)
FN:9,(anonymous_2)
FN:11,(anonymous_3)
FN:19,(anonymous_4)
FN:22,(anonymous_5)
FN:24,(anonymous_6)
FNF:7
FNH:5
FNDA:1,(anonymous_0)
FNDA:1,(anonymous_1)
FNDA:1,(anonymous_2)
FNDA:0,(anonymous_3)
FNDA:1,(anonymous_4)
FNDA:1,(anonymous_5)
FNDA:0,(anonymous_6)
DA:1,2
DA:3,2
DA:5,1
DA:7,1
DA:9,1
DA:13,0
DA:14,0
DA:16,0
DA:21,1
DA:23,1
DA:24,0
DA:28,2
LF:12
LH:8
BRF:0
BRH:0
end_of_record
TN:
SF:index.js
FN:26,(anonymous_0)
FNF:1
FNH:1
FNDA:1,(anonymous_0)
DA:1,1
DA:2,1
DA:3,1
DA:4,1
DA:5,1
DA:6,1
DA:7,1
DA:8,1
DA:10,1
DA:11,1
DA:12,1
DA:15,1
DA:18,1
DA:19,0
DA:26,1
DA:27,1
DA:30,1
DA:33,1
LF:18
LH:17
BRDA:18,0,0,0
BRDA:18,0,1,1
BRF:2
BRH:1
end_of_record
TN:
SF:__test__\db.js
FN:11,(anonymous_0)
FN:18,(anonymous_1)
FN:26,(anonymous_2)
FN:32,(anonymous_3)
FNF:4
FNH:4
FNDA:1,(anonymous_0)
FNDA:1,(anonymous_1)
FNDA:1,(anonymous_2)
FNDA:1,(anonymous_3)
DA:1,1
DA:2,1
DA:6,1
DA:11,1
DA:13,1
DA:15,1
DA:17,1
DA:18,1
DA:19,1
DA:20,0
DA:26,1
DA:27,1
DA:28,1
DA:32,1
DA:33,1
DA:35,1
DA:36,1
DA:40,1
LF:18
LH:17
BRDA:19,0,0,0
BRDA:19,0,1,1
BRF:2
BRH:1
end_of_record
TN:
SF:controllers\posts.js
FN:6,(anonymous_0)
FN:18,(anonymous_1)
FN:32,(anonymous_2)
FN:48,(anonymous_3)
FNF:4
FNH:4
FNDA:3,(anonymous_0)
FNDA:1,(anonymous_1)
FNDA:1,(anonymous_2)
FNDA:1,(anonymous_3)
DA:1,1
DA:8,3
DA:9,3
DA:10,3
DA:11,3
DA:13,0
DA:14,0
DA:19,1
DA:21,1
DA:22,1
DA:23,1
DA:25,0
DA:34,1
DA:35,1
DA:36,1
DA:38,1
DA:39,1
DA:42,0
DA:50,1
DA:51,1
DA:52,1
DA:54,1
DA:55,1
DA:59,0
DA:66,1
LF:25
LH:20
BRDA:22,0,0,1
BRDA:22,0,1,0
BRDA:38,1,0,1
BRDA:38,1,1,0
BRDA:54,2,0,1
BRDA:54,2,1,0
BRF:6
BRH:3
end_of_record
TN:
SF:router\post.js
FNF:0
FNH:0
DA:1,1
DA:2,1
DA:4,1
DA:5,1
DA:8,1
DA:9,1
DA:10,1
DA:11,1
DA:13,1
LF:9
LH:9
BRF:0
BRH:0
end_of_record
TN:
SF:schema\post.js
FNF:0
FNH:0
DA:1,1
DA:3,1
DA:6,1
DA:15,1
LF:4
LH:4
BRF:0
BRH:0
end_of_record
